c:\users\gaming\documents\github\ok\piplupware\build\sensum\debug\vc142.pdb
c:\users\gaming\documents\github\ok\piplupware\build\sensum\debug\vc142.idb
c:\users\gaming\documents\github\ok\piplupware\build\sensum\debug\visuals.obj
c:\users\gaming\documents\github\ok\piplupware\build\sensum\debug\math.obj
c:\users\gaming\documents\github\ok\piplupware\build\sensum\debug\imgui_impl_dx9.obj
c:\users\gaming\documents\github\ok\piplupware\build\sensum\debug\imgui.obj
c:\users\gaming\documents\github\ok\piplupware\build\sensum\debug\imgui_draw.obj
c:\users\gaming\documents\github\ok\piplupware\build\sensum\debug\jsoncpp.obj
c:\users\gaming\documents\github\ok\piplupware\build\sensum\debug\main.obj
c:\users\gaming\documents\github\ok\piplupware\build\sensum\debug\options.obj
c:\users\gaming\documents\github\ok\piplupware\build\sensum\debug\csgostructs.obj
c:\users\gaming\documents\github\ok\piplupware\build\sensum\debug\vectors.obj
c:\users\gaming\documents\github\ok\piplupware\build\sensum\debug\checksum_crc.obj
c:\users\gaming\documents\github\ok\piplupware\build\sensum\debug\sdk.obj
c:\users\gaming\documents\github\ok\piplupware\build\sensum\debug\vmatrix.obj
c:\users\gaming\documents\github\ok\piplupware\build\sensum\debug\characterset.obj
c:\users\gaming\documents\github\ok\piplupware\build\sensum\debug\color.obj
c:\users\gaming\documents\github\ok\piplupware\build\sensum\debug\convar.obj
c:\users\gaming\documents\github\ok\piplupware\build\sensum\debug\utlbuffer.obj
c:\users\gaming\documents\github\ok\piplupware\build\sensum\debug\utlstring.obj
c:\users\gaming\documents\github\ok\piplupware\build\sensum\debug\netvars.obj
c:\users\gaming\documents\github\ok\piplupware\build\sensum\debug\vec3d.obj
c:\users\gaming\documents\github\ok\piplupware\build\sensum\debug\materialmanager.obj
c:\users\gaming\documents\github\ok\piplupware\build\sensum\debug\droidsans.obj
c:\users\gaming\documents\github\ok\piplupware\build\sensum\debug\aimbot_tab.obj
c:\users\gaming\documents\github\ok\piplupware\build\sensum\debug\configs_tab.obj
c:\users\gaming\documents\github\ok\piplupware\build\sensum\debug\menuchange_tab.obj
c:\users\gaming\documents\github\ok\piplupware\build\sensum\debug\misc_tab.obj
c:\users\gaming\documents\github\ok\piplupware\build\sensum\debug\players_tab.obj
c:\users\gaming\documents\github\ok\piplupware\build\sensum\debug\skins_tab.obj
c:\users\gaming\documents\github\ok\piplupware\build\sensum\debug\test_tab.obj
c:\users\gaming\documents\github\ok\piplupware\build\sensum\debug\visuals_tab.obj
c:\users\gaming\documents\github\ok\piplupware\build\sensum\debug\timers.obj
c:\users\gaming\documents\github\ok\piplupware\build\sensum\debug\menu.obj
c:\users\gaming\documents\github\ok\piplupware\build\sensum\debug\render.obj
c:\users\gaming\documents\github\ok\piplupware\build\sensum\debug\spectators.obj
c:\users\gaming\documents\github\ok\piplupware\build\sensum\debug\xor.obj
c:\users\gaming\documents\github\ok\piplupware\build\sensum\debug\selfnade.obj
c:\users\gaming\documents\github\ok\piplupware\build\sensum\debug\settings.obj
c:\users\gaming\documents\github\ok\piplupware\build\sensum\debug\aimbot.obj
c:\users\gaming\documents\github\ok\piplupware\build\sensum\debug\esp.obj
c:\users\gaming\documents\github\ok\piplupware\build\sensum\debug\skins.obj
c:\users\gaming\documents\github\ok\piplupware\build\sensum\debug\http.obj
c:\users\gaming\documents\github\ok\piplupware\build\sensum\debug\imdraw.obj
c:\users\gaming\documents\github\ok\piplupware\build\sensum\debug\input.obj
c:\users\gaming\documents\github\ok\piplupware\build\sensum\debug\notifies.obj
c:\users\gaming\documents\github\ok\piplupware\build\sensum\debug\utils.obj
c:\users\gaming\documents\github\ok\piplupware\build\sensum\debug\vfunc_hook.obj
c:\users\gaming\documents\github\ok\piplupware\build\sensum\debug\hitpossitionhelper.obj
c:\users\gaming\documents\github\ok\piplupware\build\sensum\debug\create_move.obj
c:\users\gaming\documents\github\ok\piplupware\build\sensum\debug\draw_indexed_primitive.obj
c:\users\gaming\documents\github\ok\piplupware\build\sensum\debug\find_mdl.obj
c:\users\gaming\documents\github\ok\piplupware\build\sensum\debug\fire_bullets.obj
c:\users\gaming\documents\github\ok\piplupware\build\sensum\debug\frame_stage_notify.obj
c:\users\gaming\documents\github\ok\piplupware\build\sensum\debug\game_coordinator.obj
c:\users\gaming\documents\github\ok\piplupware\build\sensum\debug\hooks.obj
c:\users\gaming\documents\github\ok\piplupware\build\sensum\debug\netchannel.obj
c:\users\gaming\documents\github\ok\piplupware\build\sensum\debug\present.obj
c:\users\gaming\documents\github\ok\piplupware\build\sensum\debug\reset.obj
c:\users\gaming\documents\github\ok\piplupware\build\sensum\debug\sequence.obj
c:\users\gaming\documents\github\ok\piplupware\build\sensum\debug\human_bhop.obj
c:\users\gaming\documents\github\ok\piplupware\build\sensum\debug\lagpeek.obj
c:\users\gaming\documents\github\ok\piplupware\build\sensum\debug\desync.obj
c:\users\gaming\documents\github\ok\piplupware\build\sensum\debug\engine_prediction.obj
c:\users\gaming\documents\github\ok\piplupware\build\sensum\debug\fake_duck.obj
c:\users\gaming\documents\github\ok\piplupware\build\sensum\debug\fake_lags.obj
c:\users\gaming\documents\github\ok\piplupware\build\sensum\debug\grenade_prediction.obj
c:\users\gaming\documents\github\ok\piplupware\build\sensum\debug\knife_bot.obj
c:\users\gaming\documents\github\ok\piplupware\build\sensum\debug\lighting_shots.obj
c:\users\gaming\documents\github\ok\piplupware\build\sensum\debug\lobby_inviter.obj
c:\users\gaming\documents\github\ok\piplupware\build\sensum\debug\moon_walk.obj
c:\users\gaming\documents\github\ok\piplupware\build\sensum\debug\no_flash.obj
c:\users\gaming\documents\github\ok\piplupware\build\sensum\debug\no_smoke.obj
c:\users\gaming\documents\github\ok\piplupware\build\sensum\debug\offscreen.obj
c:\users\gaming\documents\github\ok\piplupware\build\sensum\debug\resolver.obj
c:\users\gaming\documents\github\ok\piplupware\build\sensum\debug\slow_walk.obj
c:\users\gaming\documents\github\ok\piplupware\build\sensum\debug\thirdperson.obj
c:\users\gaming\documents\github\ok\piplupware\build\sensum\debug\zeusbot.obj
c:\users\gaming\documents\github\ok\piplupware\build\sensum\debug\globals.obj
c:\users\gaming\documents\github\ok\piplupware\build\sensum\debug\autowall.obj
c:\users\gaming\documents\github\ok\piplupware\build\sensum\debug\console.obj
c:\users\gaming\documents\github\ok\piplupware\build\sensum\debug\entities.obj
c:\users\gaming\documents\github\ok\piplupware\build\sensum\debug\backtrack_new.obj
c:\users\gaming\documents\github\ok\piplupware\build\sensum\debug\chams.obj
c:\users\gaming\documents\github\ok\piplupware\build\sensum\debug\glow_tab.obj
c:\users\gaming\documents\github\ok\piplupware\build\sensum\debug\config.obj
c:\users\gaming\documents\github\ok\piplupware\build\sensum\debug\localhookbase.obj
c:\users\gaming\documents\github\ok\piplupware\build\sensum\debug\tracehook.obj
c:\users\gaming\documents\github\ok\piplupware\build\sensum\debug\auto_strafe.obj
c:\users\gaming\documents\github\ok\piplupware\build\sensum\debug\bhop.obj
c:\users\gaming\documents\github\ok\piplupware\build\sensum\debug\clantag.obj
c:\users\gaming\documents\github\ok\piplupware\build\sensum\debug\color_modulate.obj
c:\users\gaming\documents\github\ok\piplupware\bin\debug\1nd1g0.dll
c:\users\gaming\documents\github\ok\piplupware\bin\debug\1nd1g0.ilk
c:\users\gaming\documents\github\ok\piplupware\bin\debug\1nd1g0.pdb
c:\users\gaming\documents\github\ok\piplupware\build\sensum\debug\sensum.tlog\cl.command.1.tlog
c:\users\gaming\documents\github\ok\piplupware\build\sensum\debug\sensum.tlog\cl.read.1.tlog
c:\users\gaming\documents\github\ok\piplupware\build\sensum\debug\sensum.tlog\cl.write.1.tlog
c:\users\gaming\documents\github\ok\piplupware\build\sensum\debug\sensum.tlog\link.command.1.tlog
c:\users\gaming\documents\github\ok\piplupware\build\sensum\debug\sensum.tlog\link.read.1.tlog
c:\users\gaming\documents\github\ok\piplupware\build\sensum\debug\sensum.tlog\link.write.1.tlog
