c:\users\tommy.desktop-f95gqpg\desktop\no touchy's\no\csgosimple-master\build\sensum\release\localhookbase.obj
c:\users\tommy.desktop-f95gqpg\desktop\no touchy's\no\csgosimple-master\build\sensum\release\color_modulate.obj
c:\users\tommy.desktop-f95gqpg\desktop\no touchy's\no\csgosimple-master\build\sensum\release\moon_walk.obj
c:\users\tommy.desktop-f95gqpg\desktop\no touchy's\no\csgosimple-master\build\sensum\release\globals.obj
c:\users\tommy.desktop-f95gqpg\desktop\no touchy's\no\csgosimple-master\build\sensum\release\hitpossitionhelper.obj
c:\users\tommy.desktop-f95gqpg\desktop\no touchy's\no\csgosimple-master\build\sensum\release\hooks.obj
c:\users\tommy.desktop-f95gqpg\desktop\no touchy's\no\csgosimple-master\build\sensum\release\aimbot_tab.obj
c:\users\tommy.desktop-f95gqpg\desktop\no touchy's\no\csgosimple-master\build\sensum\release\render.obj
c:\users\tommy.desktop-f95gqpg\desktop\no touchy's\no\csgosimple-master\build\sensum\release\imgui.obj
c:\users\tommy.desktop-f95gqpg\desktop\no touchy's\no\csgosimple-master\build\sensum\release\csgostructs.obj
c:\users\tommy.desktop-f95gqpg\desktop\no touchy's\no\csgosimple-master\build\sensum\release\backtrack_new.obj
c:\users\tommy.desktop-f95gqpg\desktop\no touchy's\no\csgosimple-master\build\sensum\release\fake_lags.obj
c:\users\tommy.desktop-f95gqpg\desktop\no touchy's\no\csgosimple-master\build\sensum\release\resolver.obj
c:\users\tommy.desktop-f95gqpg\desktop\no touchy's\no\csgosimple-master\build\sensum\release\input.obj
c:\users\tommy.desktop-f95gqpg\desktop\no touchy's\no\csgosimple-master\build\sensum\release\find_mdl.obj
c:\users\tommy.desktop-f95gqpg\desktop\no touchy's\no\csgosimple-master\build\sensum\release\human_bhop.obj
c:\users\tommy.desktop-f95gqpg\desktop\no touchy's\no\csgosimple-master\build\sensum\release\esp.obj
c:\users\tommy.desktop-f95gqpg\desktop\no touchy's\no\csgosimple-master\build\sensum\release\jsoncpp.obj
c:\users\tommy.desktop-f95gqpg\desktop\no touchy's\no\csgosimple-master\build\sensum\release\convar.obj
c:\users\tommy.desktop-f95gqpg\desktop\no touchy's\no\csgosimple-master\build\sensum\release\chams.obj
c:\users\tommy.desktop-f95gqpg\desktop\no touchy's\no\csgosimple-master\build\sensum\release\knife_bot.obj
c:\users\tommy.desktop-f95gqpg\desktop\no touchy's\no\csgosimple-master\build\sensum\release\offscreen.obj
c:\users\tommy.desktop-f95gqpg\desktop\no touchy's\no\csgosimple-master\build\sensum\release\http.obj
c:\users\tommy.desktop-f95gqpg\desktop\no touchy's\no\csgosimple-master\build\sensum\release\create_move.obj
c:\users\tommy.desktop-f95gqpg\desktop\no touchy's\no\csgosimple-master\build\sensum\release\present.obj
c:\users\tommy.desktop-f95gqpg\desktop\no touchy's\no\csgosimple-master\build\sensum\release\players_tab.obj
c:\users\tommy.desktop-f95gqpg\desktop\no touchy's\no\csgosimple-master\build\sensum\release\xor.obj
c:\users\tommy.desktop-f95gqpg\desktop\no touchy's\no\csgosimple-master\build\sensum\release\settings.obj
c:\users\tommy.desktop-f95gqpg\desktop\no touchy's\no\csgosimple-master\build\sensum\release\imgui_draw.obj
c:\users\tommy.desktop-f95gqpg\desktop\no touchy's\no\csgosimple-master\build\sensum\release\vectors.obj
c:\users\tommy.desktop-f95gqpg\desktop\no touchy's\no\csgosimple-master\build\sensum\release\checksum_crc.obj
c:\users\tommy.desktop-f95gqpg\desktop\no touchy's\no\csgosimple-master\build\sensum\release\sdk.obj
c:\users\tommy.desktop-f95gqpg\desktop\no touchy's\no\csgosimple-master\build\sensum\release\bhop.obj
c:\users\tommy.desktop-f95gqpg\desktop\no touchy's\no\csgosimple-master\build\sensum\release\desync.obj
c:\users\tommy.desktop-f95gqpg\desktop\no touchy's\no\csgosimple-master\build\sensum\release\lobby_inviter.obj
c:\users\tommy.desktop-f95gqpg\desktop\no touchy's\no\csgosimple-master\build\sensum\release\autowall.obj
c:\users\tommy.desktop-f95gqpg\desktop\no touchy's\no\csgosimple-master\build\sensum\release\vfunc_hook.obj
c:\users\tommy.desktop-f95gqpg\desktop\no touchy's\no\csgosimple-master\build\sensum\release\frame_stage_notify.obj
c:\users\tommy.desktop-f95gqpg\desktop\no touchy's\no\csgosimple-master\build\sensum\release\lagpeek.obj
c:\users\tommy.desktop-f95gqpg\desktop\no touchy's\no\csgosimple-master\build\sensum\release\menu.obj
c:\users\tommy.desktop-f95gqpg\desktop\no touchy's\no\csgosimple-master\build\sensum\release\visuals.obj
c:\users\tommy.desktop-f95gqpg\desktop\no touchy's\no\csgosimple-master\build\sensum\release\color.obj
c:\users\tommy.desktop-f95gqpg\desktop\no touchy's\no\csgosimple-master\build\sensum\release\utlstring.obj
c:\users\tommy.desktop-f95gqpg\desktop\no touchy's\no\csgosimple-master\build\sensum\release\auto_strafe.obj
c:\users\tommy.desktop-f95gqpg\desktop\no touchy's\no\csgosimple-master\build\sensum\release\engine_prediction.obj
c:\users\tommy.desktop-f95gqpg\desktop\no touchy's\no\csgosimple-master\build\sensum\release\no_flash.obj
c:\users\tommy.desktop-f95gqpg\desktop\no touchy's\no\csgosimple-master\build\sensum\release\console.obj
c:\users\tommy.desktop-f95gqpg\desktop\no touchy's\no\csgosimple-master\build\sensum\release\utils.obj
c:\users\tommy.desktop-f95gqpg\desktop\no touchy's\no\csgosimple-master\build\sensum\release\netchannel.obj
c:\users\tommy.desktop-f95gqpg\desktop\no touchy's\no\csgosimple-master\build\sensum\release\materialmanager.obj
c:\users\tommy.desktop-f95gqpg\desktop\no touchy's\no\csgosimple-master\build\sensum\release\timers.obj
c:\users\tommy.desktop-f95gqpg\desktop\no touchy's\no\csgosimple-master\build\sensum\release\skins.obj
c:\users\tommy.desktop-f95gqpg\desktop\no touchy's\no\csgosimple-master\build\sensum\release\vmatrix.obj
c:\users\tommy.desktop-f95gqpg\desktop\no touchy's\no\csgosimple-master\build\sensum\release\netvars.obj
c:\users\tommy.desktop-f95gqpg\desktop\no touchy's\no\csgosimple-master\build\sensum\release\tracehook.obj
c:\users\tommy.desktop-f95gqpg\desktop\no touchy's\no\csgosimple-master\build\sensum\release\clantag.obj
c:\users\tommy.desktop-f95gqpg\desktop\no touchy's\no\csgosimple-master\build\sensum\release\lighting_shots.obj
c:\users\tommy.desktop-f95gqpg\desktop\no touchy's\no\csgosimple-master\build\sensum\release\zeusbot.obj
c:\users\tommy.desktop-f95gqpg\desktop\no touchy's\no\csgosimple-master\build\sensum\release\notifies.obj
c:\users\tommy.desktop-f95gqpg\desktop\no touchy's\no\csgosimple-master\build\sensum\release\game_coordinator.obj
c:\users\tommy.desktop-f95gqpg\desktop\no touchy's\no\csgosimple-master\build\sensum\release\droidsans.obj
c:\users\tommy.desktop-f95gqpg\desktop\no touchy's\no\csgosimple-master\build\sensum\release\configs_tab.obj
c:\users\tommy.desktop-f95gqpg\desktop\no touchy's\no\csgosimple-master\build\sensum\release\spectators.obj
c:\users\tommy.desktop-f95gqpg\desktop\no touchy's\no\csgosimple-master\build\sensum\release\math.obj
c:\users\tommy.desktop-f95gqpg\desktop\no touchy's\no\csgosimple-master\build\sensum\release\characterset.obj
c:\users\tommy.desktop-f95gqpg\desktop\no touchy's\no\csgosimple-master\build\sensum\release\utlbuffer.obj
c:\users\tommy.desktop-f95gqpg\desktop\no touchy's\no\csgosimple-master\build\sensum\release\vec3d.obj
c:\users\tommy.desktop-f95gqpg\desktop\no touchy's\no\csgosimple-master\build\sensum\release\glow_tab.obj
c:\users\tommy.desktop-f95gqpg\desktop\no touchy's\no\csgosimple-master\build\sensum\release\grenade_prediction.obj
c:\users\tommy.desktop-f95gqpg\desktop\no touchy's\no\csgosimple-master\build\sensum\release\thirdperson.obj
c:\users\tommy.desktop-f95gqpg\desktop\no touchy's\no\csgosimple-master\build\sensum\release\imdraw.obj
c:\users\tommy.desktop-f95gqpg\desktop\no touchy's\no\csgosimple-master\build\sensum\release\fire_bullets.obj
c:\users\tommy.desktop-f95gqpg\desktop\no touchy's\no\csgosimple-master\build\sensum\release\sequence.obj
c:\users\tommy.desktop-f95gqpg\desktop\no touchy's\no\csgosimple-master\build\sensum\release\skins_tab.obj
c:\users\tommy.desktop-f95gqpg\desktop\no touchy's\no\csgosimple-master\build\sensum\release\aimbot.obj
c:\users\tommy.desktop-f95gqpg\desktop\no touchy's\no\csgosimple-master\build\sensum\release\options.obj
c:\users\tommy.desktop-f95gqpg\desktop\no touchy's\no\csgosimple-master\build\sensum\release\config.obj
c:\users\tommy.desktop-f95gqpg\desktop\no touchy's\no\csgosimple-master\build\sensum\release\fake_duck.obj
c:\users\tommy.desktop-f95gqpg\desktop\no touchy's\no\csgosimple-master\build\sensum\release\no_smoke.obj
c:\users\tommy.desktop-f95gqpg\desktop\no touchy's\no\csgosimple-master\build\sensum\release\entities.obj
c:\users\tommy.desktop-f95gqpg\desktop\no touchy's\no\csgosimple-master\build\sensum\release\draw_indexed_primitive.obj
c:\users\tommy.desktop-f95gqpg\desktop\no touchy's\no\csgosimple-master\build\sensum\release\reset.obj
c:\users\tommy.desktop-f95gqpg\desktop\no touchy's\no\csgosimple-master\build\sensum\release\misc_tab.obj
c:\users\tommy.desktop-f95gqpg\desktop\no touchy's\no\csgosimple-master\build\sensum\release\selfnade.obj
c:\users\tommy.desktop-f95gqpg\desktop\no touchy's\no\csgosimple-master\build\sensum\release\imgui_impl_dx9.obj
c:\users\tommy.desktop-f95gqpg\desktop\no touchy's\no\csgosimple-master\build\sensum\release\main.obj
c:\users\tommy.desktop-f95gqpg\desktop\no touchy's\no\csgosimple-master\build\sensum\release\visuals_tab.obj
c:\users\tommy.desktop-f95gqpg\desktop\no touchy's\no\csgosimple-master\bin\release\1nd1g0.dll
c:\users\tommy.desktop-f95gqpg\desktop\no touchy's\no\csgosimple-master\build\sensum\release\1nd1g0.dll.intermediate.manifest
c:\users\tommy.desktop-f95gqpg\desktop\no touchy's\no\csgosimple-master\bin\release\1nd1g0.dll.manifest
c:\users\tommy.desktop-f95gqpg\desktop\no touchy's\no\csgosimple-master\bin\release\1nd1g0.ipdb
c:\users\tommy.desktop-f95gqpg\desktop\no touchy's\no\csgosimple-master\bin\release\1nd1g0.iobj
c:\users\tommy.desktop-f95gqpg\desktop\no touchy's\no\csgosimple-master\build\sensum\release\sensum.tlog\cl.command.1.tlog
c:\users\tommy.desktop-f95gqpg\desktop\no touchy's\no\csgosimple-master\build\sensum\release\sensum.tlog\cl.read.1.tlog
c:\users\tommy.desktop-f95gqpg\desktop\no touchy's\no\csgosimple-master\build\sensum\release\sensum.tlog\cl.write.1.tlog
c:\users\tommy.desktop-f95gqpg\desktop\no touchy's\no\csgosimple-master\build\sensum\release\sensum.tlog\link.command.1.tlog
c:\users\tommy.desktop-f95gqpg\desktop\no touchy's\no\csgosimple-master\build\sensum\release\sensum.tlog\link.read.1.tlog
c:\users\tommy.desktop-f95gqpg\desktop\no touchy's\no\csgosimple-master\build\sensum\release\sensum.tlog\link.write.1.tlog
c:\users\tommy.desktop-f95gqpg\desktop\no touchy's\no\csgosimple-master\build\sensum\release\sensum.tlog\mt.command.1.tlog
c:\users\tommy.desktop-f95gqpg\desktop\no touchy's\no\csgosimple-master\build\sensum\release\sensum.tlog\mt.read.1.tlog
c:\users\tommy.desktop-f95gqpg\desktop\no touchy's\no\csgosimple-master\build\sensum\release\sensum.tlog\mt.write.1.tlog
c:\users\tommy.desktop-f95gqpg\desktop\no touchy's\no\csgosimple-master\build\sensum\release\sensum.tlog\sensum.write.1u.tlog
