  Backtrack_new.cpp
  Chams.cpp
  HitPossitionHelper.cpp
  LagPeek.cpp
  MaterialManager.cpp
  Selfnade.cpp
  config.cpp
  LocalHookBase.cpp
  TraceHook.cpp
  aimbot.cpp
  auto_strafe.cpp
  bhop.cpp
  clantag.cpp
  color_modulate.cpp
  desync.cpp
  engine_prediction.cpp
  esp.cpp
  fake_lags.cpp
  grenade_prediction.cpp
  knife_bot.cpp
  lighting_shots.cpp
  lobby_inviter.cpp
  moon_walk.cpp
  no_flash.cpp
  offscreen.cpp
  resolver.cpp
  skins.cpp
  thirdperson.cpp
  visuals.cpp
  zeusbot.cpp
  globals.cpp
  glow_tab.cpp
  console.cpp
  entities.cpp
  http.cpp
C:\Users\Tommy.DESKTOP-F95GQPG\Desktop\No Touchy's\NO\csgosimple-master\src\config.cpp(108,32): warning C4101:  'ex': unreferenced local variable
  imdraw.cpp
  input.cpp
  math.cpp
  notifies.cpp
  utils.cpp
  vfunc_hook.cpp
C:\Users\Tommy.DESKTOP-F95GQPG\Desktop\No Touchy's\NO\csgosimple-master\src\features\visuals.cpp(567,24): warning C4018:  '<': signed/unsigned mismatch
  create_move.cpp
  draw_indexed_primitive.cpp
  find_mdl.cpp
  fire_bullets.cpp
  frame_stage_notify.cpp
  game_coordinator.cpp
  hooks.cpp
  netchannel.cpp
  present.cpp
  reset.cpp
  sequence.cpp
  human_bhop.cpp
  imgui_impl_dx9.cpp
  imgui.cpp
  imgui_draw.cpp
  jsoncpp.cpp
  main.cpp
  options.cpp
  menu.cpp
  render.cpp
  spectators.cpp
  aimbot_tab.cpp
  configs_tab.cpp
  misc_tab.cpp
C:\Users\Tommy.DESKTOP-F95GQPG\Desktop\No Touchy's\NO\csgosimple-master\src\helpers\http.cpp(68,32): warning C4101:  'msg': unreferenced local variable
C:\Users\Tommy.DESKTOP-F95GQPG\Desktop\No Touchy's\NO\csgosimple-master\src\options.cpp(54,32): warning C4101:  'ex': unreferenced local variable
  players_tab.cpp
  skins_tab.cpp
  visuals_tab.cpp
  timers.cpp
  settings.cpp
C:\Users\Tommy.DESKTOP-F95GQPG\Desktop\No Touchy's\NO\csgosimple-master\src\options.cpp(86,32): warning C4101:  'ex': unreferenced local variable
  csgostructs.cpp
  VMatrix.cpp
  Vectors.cpp
  Color.cpp
  Convar.cpp
  UtlBuffer.cpp
  UtlString.cpp
  characterset.cpp
  checksum_crc.cpp
  netvars.cpp
  sdk.cpp
  vec3d.cpp
C:\Users\Tommy.DESKTOP-F95GQPG\Desktop\No Touchy's\NO\csgosimple-master\src\render\tabs\aimbot_tab.cpp(86,51): warning C4018:  '>=': signed/unsigned mismatch
C:\Users\Tommy.DESKTOP-F95GQPG\Desktop\No Touchy's\NO\csgosimple-master\src\vec3d.h(77,14): warning C4244:  'return': conversion from 'double' to 'float', possible loss of data (compiling source file vec3d.cpp)
  Generating code
  517 of 7716 functions ( 6.7%) were compiled, the rest were copied from previous compilation.
    496 functions were new in current compilation
    49 functions had inline decision re-evaluated but remain unchanged
  Finished generating code
  Sensum.vcxproj -> C:\Users\Tommy.DESKTOP-F95GQPG\Desktop\No Touchy's\NO\csgosimple-master\bin\Release\1nd1g0.dll
