e:\github\arrow-gui-hack-master\intermediates\vc142.pdb
e:\github\arrow-gui-hack-master\intermediates\view_matrix.obj
e:\github\arrow-gui-hack-master\intermediates\vector3d.obj
e:\github\arrow-gui-hack-master\intermediates\main.obj
e:\github\arrow-gui-hack-master\intermediates\utilities.obj
e:\github\arrow-gui-hack-master\intermediates\renderer.obj
e:\github\arrow-gui-hack-master\intermediates\netvars.obj
e:\github\arrow-gui-hack-master\intermediates\md5.obj
e:\github\arrow-gui-hack-master\intermediates\csgo.obj
e:\github\arrow-gui-hack-master\intermediates\console.obj
e:\github\arrow-gui-hack-master\intermediates\math.obj
e:\github\arrow-gui-hack-master\intermediates\interfaces.obj
e:\github\arrow-gui-hack-master\intermediates\visuals.obj
e:\github\arrow-gui-hack-master\intermediates\misc.obj
e:\github\arrow-gui-hack-master\intermediates\engine_prediction.obj
e:\github\arrow-gui-hack-master\intermediates\backtrack.obj
e:\github\arrow-gui-hack-master\intermediates\hooks.obj
e:\github\arrow-gui-hack-master\intermediates\menu.obj
e:\github\arrow-gui-hack-master\intermediates\trampoline.obj
e:\github\arrow-gui-hack-master\intermediates\hook.obj
e:\github\arrow-gui-hack-master\intermediates\hde64.obj
e:\github\arrow-gui-hack-master\intermediates\hde32.obj
e:\github\arrow-gui-hack-master\intermediates\buffer.obj
e:\github\arrow-gui-hack-master\dll\lewdsense.dll
e:\github\arrow-gui-hack-master\dll\lewdsense.pdb
e:\github\arrow-gui-hack-master\.\dll\lewdsense.dll
e:\github\arrow-gui-hack-master\intermediates\csgo-cheat.tlog\cl.command.1.tlog
e:\github\arrow-gui-hack-master\intermediates\csgo-cheat.tlog\cl.read.1.tlog
e:\github\arrow-gui-hack-master\intermediates\csgo-cheat.tlog\cl.write.1.tlog
e:\github\arrow-gui-hack-master\intermediates\csgo-cheat.tlog\link.command.1.tlog
e:\github\arrow-gui-hack-master\intermediates\csgo-cheat.tlog\link.read.1.tlog
e:\github\arrow-gui-hack-master\intermediates\csgo-cheat.tlog\link.write.1.tlog
